<?xml version="1.0" encoding="UTF-8"?>
<testsuite xmlns:xsi="http://www.w3.org/2001/XMLSchema-instance" xsi:noNamespaceSchemaLocation="https://maven.apache.org/surefire/maven-surefire-plugin/xsd/surefire-test-report.xsd" name="TestSuite" time="39.259" tests="1" errors="0" skipped="0" failures="0">
  <properties>
    <property name="sun.desktop" value="windows"/>
    <property name="awt.toolkit" value="sun.awt.windows.WToolkit"/>
    <property name="file.encoding.pkg" value="sun.io"/>
    <property name="java.specification.version" value="1.8"/>
    <property name="sun.cpu.isalist" value="amd64"/>
    <property name="sun.jnu.encoding" value="Cp1252"/>
    <property name="java.class.path" value="C:\Users\priyanshua\Desktop\Data\com.qa.CucumberwithTestNG\target\test-classes;C:\Users\priyanshua\Desktop\Data\com.qa.CucumberwithTestNG\target\classes;C:\Users\priyanshua\.m2\repository\org\testng\testng\6.14.3\testng-6.14.3.jar;C:\Users\priyanshua\.m2\repository\com\beust\jcommander\1.72\jcommander-1.72.jar;C:\Users\priyanshua\.m2\repository\org\apache-extras\beanshell\bsh\2.0b6\bsh-2.0b6.jar;C:\Users\priyanshua\.m2\repository\org\seleniumhq\selenium\selenium-java\3.141.59\selenium-java-3.141.59.jar;C:\Users\priyanshua\.m2\repository\org\seleniumhq\selenium\selenium-api\3.141.59\selenium-api-3.141.59.jar;C:\Users\priyanshua\.m2\repository\org\seleniumhq\selenium\selenium-chrome-driver\3.141.59\selenium-chrome-driver-3.141.59.jar;C:\Users\priyanshua\.m2\repository\org\seleniumhq\selenium\selenium-edge-driver\3.141.59\selenium-edge-driver-3.141.59.jar;C:\Users\priyanshua\.m2\repository\org\seleniumhq\selenium\selenium-firefox-driver\3.141.59\selenium-firefox-driver-3.141.59.jar;C:\Users\priyanshua\.m2\repository\org\seleniumhq\selenium\selenium-ie-driver\3.141.59\selenium-ie-driver-3.141.59.jar;C:\Users\priyanshua\.m2\repository\org\seleniumhq\selenium\selenium-opera-driver\3.141.59\selenium-opera-driver-3.141.59.jar;C:\Users\priyanshua\.m2\repository\org\seleniumhq\selenium\selenium-remote-driver\3.141.59\selenium-remote-driver-3.141.59.jar;C:\Users\priyanshua\.m2\repository\org\seleniumhq\selenium\selenium-safari-driver\3.141.59\selenium-safari-driver-3.141.59.jar;C:\Users\priyanshua\.m2\repository\org\seleniumhq\selenium\selenium-support\3.141.59\selenium-support-3.141.59.jar;C:\Users\priyanshua\.m2\repository\net\bytebuddy\byte-buddy\1.8.15\byte-buddy-1.8.15.jar;C:\Users\priyanshua\.m2\repository\org\apache\commons\commons-exec\1.3\commons-exec-1.3.jar;C:\Users\priyanshua\.m2\repository\com\google\guava\guava\25.0-jre\guava-25.0-jre.jar;C:\Users\priyanshua\.m2\repository\com\google\code\findbugs\jsr305\1.3.9\jsr305-1.3.9.jar;C:\Users\priyanshua\.m2\repository\org\checkerframework\checker-compat-qual\2.0.0\checker-compat-qual-2.0.0.jar;C:\Users\priyanshua\.m2\repository\com\google\errorprone\error_prone_annotations\2.1.3\error_prone_annotations-2.1.3.jar;C:\Users\priyanshua\.m2\repository\com\google\j2objc\j2objc-annotations\1.1\j2objc-annotations-1.1.jar;C:\Users\priyanshua\.m2\repository\org\codehaus\mojo\animal-sniffer-annotations\1.14\animal-sniffer-annotations-1.14.jar;C:\Users\priyanshua\.m2\repository\com\squareup\okhttp3\okhttp\3.11.0\okhttp-3.11.0.jar;C:\Users\priyanshua\.m2\repository\com\squareup\okio\okio\1.14.0\okio-1.14.0.jar;C:\Users\priyanshua\.m2\repository\io\cucumber\cucumber-jvm-deps\1.0.6\cucumber-jvm-deps-1.0.6.jar;C:\Users\priyanshua\.m2\repository\io\cucumber\cucumber-java\2.3.1\cucumber-java-2.3.1.jar;C:\Users\priyanshua\.m2\repository\io\cucumber\cucumber-core\2.3.1\cucumber-core-2.3.1.jar;C:\Users\priyanshua\.m2\repository\info\cukes\cucumber-html\0.2.6\cucumber-html-0.2.6.jar;C:\Users\priyanshua\.m2\repository\io\cucumber\gherkin\5.0.0\gherkin-5.0.0.jar;C:\Users\priyanshua\.m2\repository\io\cucumber\tag-expressions\1.1.1\tag-expressions-1.1.1.jar;C:\Users\priyanshua\.m2\repository\io\cucumber\cucumber-testng\2.3.1\cucumber-testng-2.3.1.jar;C:\Users\priyanshua\.m2\repository\org\apache\maven\surefire\surefire-testng-utils\2.21.0\surefire-testng-utils-2.21.0.jar;C:\Users\priyanshua\.m2\repository\org\apache\maven\surefire\surefire-grouper\2.21.0\surefire-grouper-2.21.0.jar;"/>
    <property name="java.vm.vendor" value="Oracle Corporation"/>
    <property name="sun.arch.data.model" value="64"/>
    <property name="user.variant" value=""/>
    <property name="java.vendor.url" value="http://java.oracle.com/"/>
    <property name="user.timezone" value=""/>
    <property name="java.vm.specification.version" value="1.8"/>
    <property name="os.name" value="Windows 10"/>
    <property name="user.country" value="US"/>
    <property name="sun.java.launcher" value="SUN_STANDARD"/>
    <property name="sun.boot.library.path" value="C:\Program Files\Java\jdk1.8.0_131\jre\bin"/>
    <property name="sun.java.command" value="C:\Users\PRIYAN~1\AppData\Local\Temp\surefire966614158389264322\surefirebooter7522837243932835451.jar C:\Users\priyanshua\AppData\Local\Temp\surefire966614158389264322 2020-01-07T19-45-47_372-jvmRun1 surefire1533559054342322802tmp surefire_09172955583875546387tmp"/>
    <property name="surefire.test.class.path" value="C:\Users\priyanshua\Desktop\Data\com.qa.CucumberwithTestNG\target\test-classes;C:\Users\priyanshua\Desktop\Data\com.qa.CucumberwithTestNG\target\classes;C:\Users\priyanshua\.m2\repository\org\testng\testng\6.14.3\testng-6.14.3.jar;C:\Users\priyanshua\.m2\repository\com\beust\jcommander\1.72\jcommander-1.72.jar;C:\Users\priyanshua\.m2\repository\org\apache-extras\beanshell\bsh\2.0b6\bsh-2.0b6.jar;C:\Users\priyanshua\.m2\repository\org\seleniumhq\selenium\selenium-java\3.141.59\selenium-java-3.141.59.jar;C:\Users\priyanshua\.m2\repository\org\seleniumhq\selenium\selenium-api\3.141.59\selenium-api-3.141.59.jar;C:\Users\priyanshua\.m2\repository\org\seleniumhq\selenium\selenium-chrome-driver\3.141.59\selenium-chrome-driver-3.141.59.jar;C:\Users\priyanshua\.m2\repository\org\seleniumhq\selenium\selenium-edge-driver\3.141.59\selenium-edge-driver-3.141.59.jar;C:\Users\priyanshua\.m2\repository\org\seleniumhq\selenium\selenium-firefox-driver\3.141.59\selenium-firefox-driver-3.141.59.jar;C:\Users\priyanshua\.m2\repository\org\seleniumhq\selenium\selenium-ie-driver\3.141.59\selenium-ie-driver-3.141.59.jar;C:\Users\priyanshua\.m2\repository\org\seleniumhq\selenium\selenium-opera-driver\3.141.59\selenium-opera-driver-3.141.59.jar;C:\Users\priyanshua\.m2\repository\org\seleniumhq\selenium\selenium-remote-driver\3.141.59\selenium-remote-driver-3.141.59.jar;C:\Users\priyanshua\.m2\repository\org\seleniumhq\selenium\selenium-safari-driver\3.141.59\selenium-safari-driver-3.141.59.jar;C:\Users\priyanshua\.m2\repository\org\seleniumhq\selenium\selenium-support\3.141.59\selenium-support-3.141.59.jar;C:\Users\priyanshua\.m2\repository\net\bytebuddy\byte-buddy\1.8.15\byte-buddy-1.8.15.jar;C:\Users\priyanshua\.m2\repository\org\apache\commons\commons-exec\1.3\commons-exec-1.3.jar;C:\Users\priyanshua\.m2\repository\com\google\guava\guava\25.0-jre\guava-25.0-jre.jar;C:\Users\priyanshua\.m2\repository\com\google\code\findbugs\jsr305\1.3.9\jsr305-1.3.9.jar;C:\Users\priyanshua\.m2\repository\org\checkerframework\checker-compat-qual\2.0.0\checker-compat-qual-2.0.0.jar;C:\Users\priyanshua\.m2\repository\com\google\errorprone\error_prone_annotations\2.1.3\error_prone_annotations-2.1.3.jar;C:\Users\priyanshua\.m2\repository\com\google\j2objc\j2objc-annotations\1.1\j2objc-annotations-1.1.jar;C:\Users\priyanshua\.m2\repository\org\codehaus\mojo\animal-sniffer-annotations\1.14\animal-sniffer-annotations-1.14.jar;C:\Users\priyanshua\.m2\repository\com\squareup\okhttp3\okhttp\3.11.0\okhttp-3.11.0.jar;C:\Users\priyanshua\.m2\repository\com\squareup\okio\okio\1.14.0\okio-1.14.0.jar;C:\Users\priyanshua\.m2\repository\io\cucumber\cucumber-jvm-deps\1.0.6\cucumber-jvm-deps-1.0.6.jar;C:\Users\priyanshua\.m2\repository\io\cucumber\cucumber-java\2.3.1\cucumber-java-2.3.1.jar;C:\Users\priyanshua\.m2\repository\io\cucumber\cucumber-core\2.3.1\cucumber-core-2.3.1.jar;C:\Users\priyanshua\.m2\repository\info\cukes\cucumber-html\0.2.6\cucumber-html-0.2.6.jar;C:\Users\priyanshua\.m2\repository\io\cucumber\gherkin\5.0.0\gherkin-5.0.0.jar;C:\Users\priyanshua\.m2\repository\io\cucumber\tag-expressions\1.1.1\tag-expressions-1.1.1.jar;C:\Users\priyanshua\.m2\repository\io\cucumber\cucumber-testng\2.3.1\cucumber-testng-2.3.1.jar;C:\Users\priyanshua\.m2\repository\org\apache\maven\surefire\surefire-testng-utils\2.21.0\surefire-testng-utils-2.21.0.jar;C:\Users\priyanshua\.m2\repository\org\apache\maven\surefire\surefire-grouper\2.21.0\surefire-grouper-2.21.0.jar;"/>
    <property name="sun.cpu.endian" value="little"/>
    <property name="user.home" value="C:\Users\priyanshua"/>
    <property name="user.language" value="en"/>
    <property name="java.specification.vendor" value="Oracle Corporation"/>
    <property name="java.home" value="C:\Program Files\Java\jdk1.8.0_131\jre"/>
    <property name="basedir" value="C:\Users\priyanshua\Desktop\Data\com.qa.CucumberwithTestNG"/>
    <property name="file.separator" value="\"/>
    <property name="line.separator" value="&#10;"/>
    <property name="java.vm.specification.vendor" value="Oracle Corporation"/>
    <property name="java.specification.name" value="Java Platform API Specification"/>
    <property name="java.awt.graphicsenv" value="sun.awt.Win32GraphicsEnvironment"/>
    <property name="surefire.real.class.path" value="C:\Users\PRIYAN~1\AppData\Local\Temp\surefire966614158389264322\surefirebooter7522837243932835451.jar"/>
    <property name="sun.boot.class.path" value="C:\Program Files\Java\jdk1.8.0_131\jre\lib\resources.jar;C:\Program Files\Java\jdk1.8.0_131\jre\lib\rt.jar;C:\Program Files\Java\jdk1.8.0_131\jre\lib\sunrsasign.jar;C:\Program Files\Java\jdk1.8.0_131\jre\lib\jsse.jar;C:\Program Files\Java\jdk1.8.0_131\jre\lib\jce.jar;C:\Program Files\Java\jdk1.8.0_131\jre\lib\charsets.jar;C:\Program Files\Java\jdk1.8.0_131\jre\lib\jfr.jar;C:\Program Files\Java\jdk1.8.0_131\jre\classes"/>
    <property name="user.script" value=""/>
    <property name="sun.management.compiler" value="HotSpot 64-Bit Tiered Compilers"/>
    <property name="java.runtime.version" value="1.8.0_131-b11"/>
    <property name="user.name" value="priyanshua"/>
    <property name="path.separator" value=";"/>
    <property name="os.version" value="10.0"/>
    <property name="java.endorsed.dirs" value="C:\Program Files\Java\jdk1.8.0_131\jre\lib\endorsed"/>
    <property name="java.runtime.name" value="Java(TM) SE Runtime Environment"/>
    <property name="file.encoding" value="Cp1252"/>
    <property name="java.vm.name" value="Java HotSpot(TM) 64-Bit Server VM"/>
    <property name="localRepository" value="C:\Users\priyanshua\.m2\repository"/>
    <property name="java.vendor.url.bug" value="http://bugreport.sun.com/bugreport/"/>
    <property name="java.io.tmpdir" value="C:\Users\PRIYAN~1\AppData\Local\Temp\"/>
    <property name="java.version" value="1.8.0_131"/>
    <property name="user.dir" value="C:\Users\priyanshua\Desktop\Data\com.qa.CucumberwithTestNG"/>
    <property name="os.arch" value="amd64"/>
    <property name="java.vm.specification.name" value="Java Virtual Machine Specification"/>
    <property name="java.awt.printerjob" value="sun.awt.windows.WPrinterJob"/>
    <property name="sun.os.patch.level" value=""/>
    <property name="java.library.path" value="C:\Program Files\Java\jdk1.8.0_131\jre\bin;C:\WINDOWS\Sun\Java\bin;C:\WINDOWS\system32;C:\WINDOWS;C:\Program Files\Microsoft MPI\Bin\;C:\Program Files (x86)\Common Files\Oracle\Java\javapath;C:\Program Files\Java\jdk1.8.0_131\bin;C:\oraclexe\app\oracle\product\11.2.0\server\bin;C:\ProgramData\Oracle\Java\javapath;C:\WINDOWS\system32;C:\WINDOWS;C:\WINDOWS\System32\Wbem;C:\WINDOWS\System32\WindowsPowerShell\v1.0\;C:\Program Files (x86)\Windows Imaging\;C:\JMeter\bin;C:\Program Files\Microsoft SQL Server\110\Tools\Binn\;C:\Program Files (x86)\Microsoft SQL Server\110\Tools\Binn\;C:\Program Files\Microsoft SQL Server\110\DTS\Binn\;C:\Program Files (x86)\Microsoft SQL Server\110\Tools\Binn\ManagementStudio\;C:\Program Files (x86)\Microsoft Visual Studio 10.0\Common7\IDE\PrivateAssemblies\;C:\Program Files (x86)\Microsoft SQL Server\110\DTS\Binn\;C:\Program Files\McAfee\Solidcore\Tools\GatherInfo;C:\Program Files\McAfee\Solidcore\Tools\Scanalyzer;C:\Program Files\McAfee\Solidcore\;C:\Program Files\McAfee\Solidcore\Tools\ScGetCerts;C:\Users\priyanshua\AppData\Local\Android\Sdk\tools;C:\Users\priyanshua\AppData\Local\Android\Sdk\platform-tools;C:\Program Files\Java\jdk1.8.0_131\bin;C:\Program Files\Git\bin;C:\apache-maven-3.6.0-bin\apache-maven-3.6.0\bin;C:\Program Files (x86)\Skype\Phone\;C:\Program Files (x86)\Microsoft SQL Server\140\Tools\Binn\;C:\Program Files\Microsoft SQL Server\140\Tools\Binn\;C:\Program Files (x86)\Microsoft SQL Server\140\DTS\Binn\;C:\Program Files\Microsoft SQL Server\140\DTS\Binn\;C:\Program Files\Microsoft SQL Server\Client SDK\ODBC\130\Tools\Binn\;C:\Program Files (x86)\Microsoft SQL Server\Client SDK\ODBC\130\Tools\Binn\;C:\Program Files (x86)\Microsoft SQL Server\140\Tools\Binn\ManagementStudio\;C:\Program Files\nodejs\;C:\Program Files\gradle-4.10.3-all\gradle-4.10.3\bin;C:\Program Files\JetBrains\PyCharm Community Edition 2019.2\bin;C:\Users\priyanshua\AppData\Local\Programs\Python\Python37-32\Scripts;C:\Users\priyanshua\AppData\Local\Programs\Python\Python37-32;C:\Users\priyanshua\AppData\Roaming\npm;C:\ProgramData\chocoportable\bin;."/>
    <property name="java.vm.info" value="mixed mode"/>
    <property name="java.vendor" value="Oracle Corporation"/>
    <property name="java.vm.version" value="25.131-b11"/>
    <property name="java.ext.dirs" value="C:\Program Files\Java\jdk1.8.0_131\jre\lib\ext;C:\WINDOWS\Sun\Java\lib\ext"/>
    <property name="sun.io.unicode.encoding" value="UnicodeLittle"/>
    <property name="java.class.version" value="52.0"/>
  </properties>
  <testcase name="feature" classname="MyRunner.TestRunner" time="37.028"/>
</testsuite>