<?xml version="1.0" encoding="UTF-8"?>
<!-- Generated by org.testng.reporters.JUnitReportReporter -->
<testsuite skipped="0" hostname="Chetuiwk255" name="MyRunner.TestRunner" tests="1" failures="0" timestamp="07 Jan 2020 13:58:59 GMT" time="39.854" errors="0">
  <testcase name="feature" time="39.854" classname="MyRunner.TestRunner"/>
</testsuite> <!-- MyRunner.TestRunner -->
